[DEBUG] ASS path: /private/tmp/vtl_burn_temp_70657.ass
[DEBUG] filter_spec: subtitles=filename='/private/tmp/vtl_burn_temp_70657.ass':original_size=720x1280,format=pix_fmts=yuv420p
[Parsed_subtitles_0 @ 0x148821c90] libass API version: 0x1703000
[Parsed_subtitles_0 @ 0x148821c90] libass source: tarball: 0.17.3
[Parsed_subtitles_0 @ 0x148821c90] Shaper: FriBidi 1.0.15 (SIMPLE) HarfBuzz-ng 11.2.1 (COMPLEX)
[Parsed_subtitles_0 @ 0x148821c90] Using font provider coretext
[in @ 0x147f041a0] Changing video frame properties on the fly is not supported by all filters.
[in @ 0x147f041a0] filter context - w: 720 h: 1280 fmt: 0 csp: unknown range: unknown, incoming frame - w: 720 h: 1280 fmt: 0 csp: bt709 range: tv pts_time: 0.04
[h264_videotoolbox @ 0x148822f10] Color range not set for yuv420p. Using MPEG range.
[mp4 @ 0x1488189d0] Starting second pass: moving the moov atom to the beginning of the file

===== TEMP ASS FILE CONTENT =====
[Script Info]
Title: Subtitles
ScriptType: v4.00+
WrapStyle: 0
PlayResX: 384
PlayResY: 288

[V4+ Styles]
Format: Name, Fontname, Fontsize, PrimaryColour, SecondaryColour, OutlineColour, BackColour, Bold, Italic, Underline, StrikeOut, ScaleX, ScaleY, Spacing, Angle, BorderStyle, Outline, Shadow, Alignment, MarginL, MarginR, MarginV, Encoding
Style: Default,Arial,20,&H00FFFFFF,&H000000FF,&H00000000,&H00000000,0,0,0,0,100,100,0,0,1,2,2,2,10,10,10,1

[Events]
Format: Layer, Start, End, Style, Name, MarginL, MarginR, MarginV, Effect, Text
===== END OF TEMP ASS FILE =====

[aac @ 0x147f0e600] Qavg: 757.473
