[DEBUG] primary_color = 0xFF0000FF
[DEBUG] Call VTL_sub_ConvertWithStyle: input=VTL/test/data/input.srt, output=VTL/test/data/output.ass, format_in=1, format_out=0
[DEBUG] FormatToString: primary_color=0xFF0000FF
[DEBUG] VTL_sub_ArgbToAssStr: argb=0xFF0000FF -> ASS &H00FF0000 (A=FF R=00 G=00 B=FF)
[DEBUG] VTL_sub_ArgbToAssStr: argb=0x80000000 -> ASS &H7F000000 (A=80 R=00 G=00 B=00)
[DEBUG] VTL_sub_ArgbToAssStr: argb=0xFF000000 -> ASS &H00000000 (A=FF R=00 G=00 B=00)
[DEBUG] VTL_sub_ConvertWithStyle result: 0
[DEBUG] ASS path: /Users/anderybis/Desktop/vtl-1/VTL/test/data/output.ass
[DEBUG] filter_spec: subtitles=filename='/Users/anderybis/Desktop/vtl-1/VTL/test/data/output.ass':original_size=720x1280,format=pix_fmts=yuv420p
[Parsed_subtitles_0 @ 0x138e248c0] libass API version: 0x1703000
[Parsed_subtitles_0 @ 0x138e248c0] libass source: tarball: 0.17.3
[Parsed_subtitles_0 @ 0x138e248c0] Shaper: FriBidi 1.0.15 (SIMPLE) HarfBuzz-ng 11.2.1 (COMPLEX)
[Parsed_subtitles_0 @ 0x138e248c0] Using font provider coretext
[in @ 0x1399085a0] Changing video frame properties on the fly is not supported by all filters.
[in @ 0x1399085a0] filter context - w: 720 h: 1280 fmt: 0 csp: unknown range: unknown, incoming frame - w: 720 h: 1280 fmt: 0 csp: bt709 range: tv pts_time: 0.04
[Parsed_subtitles_0 @ 0x138e248c0] fontselect: (Arial, 700, 0) -> /System/Library/Fonts/Supplemental/Arial Bold.ttf, -1, Arial-BoldMT
[h264_videotoolbox @ 0x139806460] Color range not set for yuv420p. Using MPEG range.
[mp4 @ 0x138e23890] Starting second pass: moving the moov atom to the beginning of the file
Subtitle conversion with style from JSON success!
[DEBUG] temp_ass_path:  (не удалось открыть)
[aac @ 0x138e0b2d0] Qavg: 757.473
[DEBUG] FormatToString: primary_color=0xFF0000FF
[DEBUG] VTL_sub_ArgbToAssStr: argb=0xFF0000FF -> ASS &H00FF0000 (A=FF R=00 G=00 B=FF)
[DEBUG] VTL_sub_ArgbToAssStr: argb=0x80000000 -> ASS &H7F000000 (A=80 R=00 G=00 B=00)
[DEBUG] VTL_sub_ArgbToAssStr: argb=0xFF000000 -> ASS &H00000000 (A=FF R=00 G=00 B=00)
Burn-in subtitles to video success!
Subtitle conversion to VTT success!
Subtitle conversion to ASS (output2.ass) success!
