[DEBUG] primary_color = 0xFF0000FF
[DEBUG] Call VTL_sub_ConvertWithStyle: input=VTL/test/data/input.srt, output=VTL/test/data/output.ass, format_in=1, format_out=0
[DEBUG] VTL_sub_ConvertWithStyle result: 0
[DEBUG] ASS path: /Users/anderybis/Desktop/vtl-1/VTL/test/data/output.ass
[DEBUG] filter_spec: subtitles=filename='/Users/anderybis/Desktop/vtl-1/VTL/test/data/output.ass':original_size=720x1280,format=pix_fmts=yuv420p
[Parsed_subtitles_0 @ 0x11ce131c0] libass API version: 0x1703000
[Parsed_subtitles_0 @ 0x11ce131c0] libass source: tarball: 0.17.3
[Parsed_subtitles_0 @ 0x11ce131c0] Shaper: FriBidi 1.0.15 (SIMPLE) HarfBuzz-ng 11.2.1 (COMPLEX)
[Parsed_subtitles_0 @ 0x11ce131c0] Using font provider coretext
[in @ 0x11ce20a90] Changing video frame properties on the fly is not supported by all filters.
[in @ 0x11ce20a90] filter context - w: 720 h: 1280 fmt: 0 csp: unknown range: unknown, incoming frame - w: 720 h: 1280 fmt: 0 csp: bt709 range: tv pts_time: 0.04
[Parsed_subtitles_0 @ 0x11ce131c0] fontselect: (Arial, 400, 0) -> /System/Library/Fonts/Supplemental/Arial.ttf, -1, ArialMT
[h264_videotoolbox @ 0x11e117ef0] Color range not set for yuv420p. Using MPEG range.
[mp4 @ 0x11e006c30] Starting second pass: moving the moov atom to the beginning of the file
Subtitle conversion with style from JSON success!
[DEBUG] temp_ass_path:  (не удалось открыть)
[aac @ 0x11ce28740] Qavg: 757.473
Burn-in subtitles to video success!
Subtitle conversion to VTT success!
Subtitle conversion to ASS (output2.ass) success!
