[DEBUG] SRT entries: 41
[DEBUG] Call VTL_sub_ConvertWithStyle: input=VTL/test/data/input.srt, output=VTL/test/data/output.ass, format_in=1, format_out=0
[DEBUG] VTL_sub_WriteCloseSink: file=VTL/test/data/output.ass, format=0, count=41
[DEBUG] VTL_sub_SaveToFile: format=0, count=41
[DEBUG] Dialogue: 0,0:00:00.00,0:00:02.43,Default,,0,0,0,,Все, кто был за рубежом, знают, что
[DEBUG] Dialogue: 0,0:00:02.43,0:00:04.92,Default,,0,0,0,,российские банки одни из самых удобных в
[DEBUG] Dialogue: 0,0:00:04.92,0:00:08.24,Default,,0,0,0,,мире. Знаете, почему так случилось?
[DEBUG] Dialogue: 0,0:00:08.24,0:00:09.92,Default,,0,0,0,,Первое - это что после развала
[DEBUG] Dialogue: 0,0:00:09.92,0:00:12.32,Default,,0,0,0,,Советского Союза в России начался дикий
[DEBUG] Dialogue: 0,0:00:12.32,0:00:14.48,Default,,0,0,0,,капитализм и полная свобода, в
[DEBUG] Dialogue: 0,0:00:14.48,0:00:16.55,Default,,0,0,0,,результате чего всего за 10 лет с
[DEBUG] Dialogue: 0,0:00:16.55,0:00:18.16,Default,,0,0,0,,восемьдесят восьмого по девяносто
[DEBUG] Dialogue: 0,0:00:18.16,0:00:21.51,Default,,0,0,0,,восьмой годы в России появилось 2.500
[DEBUG] Dialogue: 0,0:00:21.51,0:00:23.71,Default,,0,0,0,,новых банков. А там, где много
[DEBUG] Dialogue: 0,0:00:23.71,0:00:26.48,Default,,0,0,0,,конкурентов, там всегда хороший сервис
[DEBUG] Dialogue: 0,0:00:26.48,0:00:29.07,Default,,0,0,0,,для клиентов. Сейчас банков в России,
[DEBUG] Dialogue: 0,0:00:29.07,0:00:32.43,Default,,0,0,0,,конечно, не 2.000, а около 300, но это
[DEBUG] Dialogue: 0,0:00:32.43,0:00:34.67,Default,,0,0,0,,всё равно много по мировым меркам, и
[DEBUG] Dialogue: 0,0:00:34.67,0:00:37.28,Default,,0,0,0,,Центральный банк дополнительно даёт им
[DEBUG] Dialogue: 0,0:00:37.28,0:00:39.96,Default,,0,0,0,,регулярного пинка. Самый известный - это
[DEBUG] Dialogue: 0,0:00:39.96,0:00:42.84,Default,,0,0,0,,система быстрых платежей. Вторая причина
[DEBUG] Dialogue: 0,0:00:42.84,0:00:44.55,Default,,0,0,0,,в том, что в какой-нибудь Италии
[DEBUG] Dialogue: 0,0:00:44.55,0:00:46.52,Default,,0,0,0,,банковское дело имеет тысячелетнюю
[DEBUG] Dialogue: 0,0:00:46.52,0:00:48.92,Default,,0,0,0,,историю, а в России, по сути, ему всего
[DEBUG] Dialogue: 0,0:00:48.92,0:00:51.87,Default,,0,0,0,,30 лет. И поэтому в России сразу
[DEBUG] Dialogue: 0,0:00:51.87,0:00:55.15,Default,,0,0,0,,внедрялись новые сервисы оплаты картой
[DEBUG] Dialogue: 0,0:00:55.15,0:00:57.64,Default,,0,0,0,,или банки без отделений. пока в других
[DEBUG] Dialogue: 0,0:00:57.64,0:01:00.28,Default,,0,0,0,,странах до сих пор используют бумажные
[DEBUG] Dialogue: 0,0:01:00.28,0:01:02.79,Default,,0,0,0,,чеки. И, наконец, третье. В Советском
[DEBUG] Dialogue: 0,0:01:02.79,0:01:05.23,Default,,0,0,0,,Союзе была налажена система подготовки
[DEBUG] Dialogue: 0,0:01:05.23,0:01:07.47,Default,,0,0,0,,сильных инженеров. А из таких людей не
[DEBUG] Dialogue: 0,0:01:07.47,0:01:09.35,Default,,0,0,0,,так трудно сделать квалифицированных
[DEBUG] Dialogue: 0,0:01:09.35,0:01:11.59,Default,,0,0,0,,айтишников. В результате банки в России
[DEBUG] Dialogue: 0,0:01:11.59,0:01:13.87,Default,,0,0,0,,сегодня могут привлекать топовых спецов
[DEBUG] Dialogue: 0,0:01:13.87,0:01:16.00,Default,,0,0,0,,за разумные деньги, тогда как за рубежом
[DEBUG] Dialogue: 0,0:01:16.00,0:01:17.92,Default,,0,0,0,,банкам приходится платить какие-то
[DEBUG] Dialogue: 0,0:01:17.92,0:01:20.51,Default,,0,0,0,,космические суммы разработчикам.
[DEBUG] Dialogue: 0,0:01:20.51,0:01:22.40,Default,,0,0,0,,Благодаря этим факторам банки в России
[DEBUG] Dialogue: 0,0:01:22.40,0:01:25.20,Default,,0,0,0,,одни из самых удобных в мире. Помните об
[DEBUG] Dialogue: 0,0:01:25.20,0:01:27.59,Default,,0,0,0,,этом, когда за секунду будете переводить
[DEBUG] Dialogue: 0,0:01:27.59,0:01:30.51,Default,,0,0,0,,деньги двумя движениями пальцев через
[DEBUG] Dialogue: 0,0:01:30.51,0:01:33.20,Default,,0,0,0,,приложение в своём телефоне. Хотите
[DEBUG] Dialogue: 0,0:01:33.20,0:01:35.47,Default,,0,0,0,,знать больше об устройстве финансов и
[DEBUG] Dialogue: 0,0:01:35.47,0:01:38.15,Default,,0,0,0,,понимать, что происходит вокруг? Ищите
[DEBUG] Dialogue: 0,0:01:38.15,0:01:42.43,Default,,0,0,0,,простую экономику в Телеграме. o
[DEBUG] VTL_sub_FormatToString: p_sub_list->count = 41
[DEBUG] First 200 chars:
[Script Info]
Title: Subtitles
ScriptType: v4.00+
WrapStyle: 0
PlayResX: 384
PlayResY: 288

[V4+ Styles]
Format: Name, Fontname, Fontsize, PrimaryColour, SecondaryColour, OutlineColour, BackColour, Bo
[DEBUG] VTL_sub_ConvertWithStyle result: 0
[DEBUG] ASS entries: 0
Subtitle conversion with style from JSON success!
[DEBUG] VTL_sub_WriteCloseSink: file=/tmp/vtl_burn_temp_64525.ass, format=0, count=0
[DEBUG] VTL_sub_SaveToFile: format=0, count=0
[DEBUG] First 200 chars:
[Script Info]
Title: Subtitles
ScriptType: v4.00+
WrapStyle: 0
PlayResX: 384
PlayResY: 288

[V4+ Styles]
Format: Name, Fontname, Fontsize, PrimaryColour, SecondaryColour, OutlineColour, BackColour, Bo
[Parsed_subtitles_0 @ 0x1481048d0] libass API version: 0x1703000
[Parsed_subtitles_0 @ 0x1481048d0] libass source: tarball: 0.17.3
[Parsed_subtitles_0 @ 0x1481048d0] Shaper: FriBidi 1.0.15 (SIMPLE) HarfBuzz-ng 11.2.1 (COMPLEX)
[Parsed_subtitles_0 @ 0x1481048d0] Using font provider coretext
[in @ 0x146e22b60] Changing video frame properties on the fly is not supported by all filters.
[in @ 0x146e22b60] filter context - w: 720 h: 1280 fmt: 0 csp: unknown range: unknown, incoming frame - w: 720 h: 1280 fmt: 0 csp: bt709 range: tv pts_time: 0.04
[mp4 @ 0x146e220f0] Starting second pass: moving the moov atom to the beginning of the file
[aac @ 0x146e23780] Qavg: 757.473
Burn-in subtitles to video success!
[DEBUG] VTL_sub_WriteCloseSink: file=VTL/test/data/output.vtt, format=2, count=0
[DEBUG] VTL_sub_SaveToFile: format=2, count=0
[DEBUG] First 200 chars:
WEBVTT


Subtitle conversion to VTT success!
[DEBUG] VTL_sub_WriteCloseSink: file=VTL/test/data/output2.ass, format=0, count=0
[DEBUG] VTL_sub_SaveToFile: format=0, count=0
[DEBUG] First 200 chars:
[Script Info]
Title: Subtitles
ScriptType: v4.00+
WrapStyle: 0
PlayResX: 384
PlayResY: 288

[V4+ Styles]
Format: Name, Fontname, Fontsize, PrimaryColour, SecondaryColour, OutlineColour, BackColour, Bo
Subtitle conversion to ASS (output2.ass) success!
